[1013/221053.536:ERROR:directory_reader_win.cc(43)] FindFirstFile: The system cannot find the path specified. (0x3)
[1014/221051.887:ERROR:directory_reader_win.cc(43)] FindFirstFile: The system cannot find the path specified. (0x3)
[1014/221051.901:ERROR:filesystem_win.cc(129)] GetFileAttributes C:\Users\umers\AppData\Local\Google\Chrome\User Data\Crashpad\attachments\8ec016b2-9141-4734-b6fb-ced31a3596e1: The system cannot find the path specified. (0x3)
[1014/221051.905:ERROR:filesystem_win.cc(129)] GetFileAttributes C:\Users\umers\AppData\Local\Google\Chrome\User Data\Crashpad\attachments\f03629f5-f330-43dd-bb94-83b89579bf46: The system cannot find the path specified. (0x3)
[1014/221051.916:ERROR:filesystem_win.cc(129)] GetFileAttributes C:\Users\umers\AppData\Local\Google\Chrome\User Data\Crashpad\attachments\f8b95bf9-603a-4902-a5f3-c62c282a0a2f: The system cannot find the path specified. (0x3)
[1014/221051.921:ERROR:filesystem_win.cc(129)] GetFileAttributes C:\Users\umers\AppData\Local\Google\Chrome\User Data\Crashpad\attachments\200941af-8771-422b-bc89-23c0094c699b: The system cannot find the path specified. (0x3)
[1014/221051.925:ERROR:filesystem_win.cc(129)] GetFileAttributes C:\Users\umers\AppData\Local\Google\Chrome\User Data\Crashpad\attachments\255e8867-8cb2-4f10-8841-139cb8876ef7: The system cannot find the path specified. (0x3)
[1014/221051.929:ERROR:filesystem_win.cc(129)] GetFileAttributes C:\Users\umers\AppData\Local\Google\Chrome\User Data\Crashpad\attachments\828a89a1-7d9a-43b1-80ec-f98c22b70dd4: The system cannot find the path specified. (0x3)
[1014/221051.933:ERROR:filesystem_win.cc(129)] GetFileAttributes C:\Users\umers\AppData\Local\Google\Chrome\User Data\Crashpad\attachments\31f16be2-caed-49f5-9c2c-3d4384e77bcb: The system cannot find the path specified. (0x3)
[1014/221051.937:ERROR:filesystem_win.cc(129)] GetFileAttributes C:\Users\umers\AppData\Local\Google\Chrome\User Data\Crashpad\attachments\9a21da08-f125-43fc-8318-03f1a35f974d: The system cannot find the path specified. (0x3)
[1014/221051.942:ERROR:filesystem_win.cc(129)] GetFileAttributes C:\Users\umers\AppData\Local\Google\Chrome\User Data\Crashpad\attachments\a99822a8-cfab-485b-9613-3ff98187eed3: The system cannot find the path specified. (0x3)
[1014/221051.946:ERROR:filesystem_win.cc(129)] GetFileAttributes C:\Users\umers\AppData\Local\Google\Chrome\User Data\Crashpad\attachments\fd5fb8b5-8a8f-437b-8036-8ae3d4735034: The system cannot find the path specified. (0x3)
[1014/221051.950:ERROR:filesystem_win.cc(129)] GetFileAttributes C:\Users\umers\AppData\Local\Google\Chrome\User Data\Crashpad\attachments\6d80bb23-9612-4cc9-b32b-6a59a2e84c98: The system cannot find the path specified. (0x3)
[1014/221051.954:ERROR:filesystem_win.cc(129)] GetFileAttributes C:\Users\umers\AppData\Local\Google\Chrome\User Data\Crashpad\attachments\25e7b937-4f6c-4800-b8d2-fac2777668b9: The system cannot find the path specified. (0x3)
[1014/221051.957:ERROR:filesystem_win.cc(129)] GetFileAttributes C:\Users\umers\AppData\Local\Google\Chrome\User Data\Crashpad\attachments\845dd8ff-4a13-46eb-8e04-bbbd15b88be6: The system cannot find the path specified. (0x3)
[1014/221051.961:ERROR:filesystem_win.cc(129)] GetFileAttributes C:\Users\umers\AppData\Local\Google\Chrome\User Data\Crashpad\attachments\c13fc758-a047-41df-aa7e-43c4e6720198: The system cannot find the path specified. (0x3)
[1014/221051.965:ERROR:filesystem_win.cc(129)] GetFileAttributes C:\Users\umers\AppData\Local\Google\Chrome\User Data\Crashpad\attachments\bf06347d-0458-4e04-abca-9d79c224164a: The system cannot find the path specified. (0x3)
[1014/221051.969:ERROR:filesystem_win.cc(129)] GetFileAttributes C:\Users\umers\AppData\Local\Google\Chrome\User Data\Crashpad\attachments\9f5da1fb-f6a6-41b3-a61f-47c7301694a4: The system cannot find the path specified. (0x3)
[1014/221051.973:ERROR:filesystem_win.cc(129)] GetFileAttributes C:\Users\umers\AppData\Local\Google\Chrome\User Data\Crashpad\attachments\3ffd5fa9-f086-4e40-a8ef-d419fabc83dd: The system cannot find the path specified. (0x3)
[1014/221051.976:ERROR:filesystem_win.cc(129)] GetFileAttributes C:\Users\umers\AppData\Local\Google\Chrome\User Data\Crashpad\attachments\9046c753-8c1a-4baa-91b7-9ca4aba037c3: The system cannot find the path specified. (0x3)
[1014/221051.980:ERROR:filesystem_win.cc(129)] GetFileAttributes C:\Users\umers\AppData\Local\Google\Chrome\User Data\Crashpad\attachments\9d1faac3-862e-4b9c-a54a-8e888b81df09: The system cannot find the path specified. (0x3)
[1014/221051.984:ERROR:filesystem_win.cc(129)] GetFileAttributes C:\Users\umers\AppData\Local\Google\Chrome\User Data\Crashpad\attachments\046cbbdc-caba-4177-939b-30234dbacf82: The system cannot find the path specified. (0x3)
[1014/221051.987:ERROR:filesystem_win.cc(129)] GetFileAttributes C:\Users\umers\AppData\Local\Google\Chrome\User Data\Crashpad\attachments\4e6d4a19-b0db-42a4-86ad-2fb12cabdd45: The system cannot find the path specified. (0x3)
[1014/221051.991:ERROR:filesystem_win.cc(129)] GetFileAttributes C:\Users\umers\AppData\Local\Google\Chrome\User Data\Crashpad\attachments\00ddca15-4397-4ade-a1da-1534dfd0b180: The system cannot find the path specified. (0x3)
[1014/221051.994:ERROR:filesystem_win.cc(129)] GetFileAttributes C:\Users\umers\AppData\Local\Google\Chrome\User Data\Crashpad\attachments\4660d10e-9547-42cc-85c0-20fb568c70a9: The system cannot find the path specified. (0x3)
[1014/221051.998:ERROR:filesystem_win.cc(129)] GetFileAttributes C:\Users\umers\AppData\Local\Google\Chrome\User Data\Crashpad\attachments\cee0177e-16af-4f53-8d82-1bf6612292ba: The system cannot find the path specified. (0x3)
[1014/221052.001:ERROR:filesystem_win.cc(129)] GetFileAttributes C:\Users\umers\AppData\Local\Google\Chrome\User Data\Crashpad\attachments\0ecb8f0b-ab80-4ccc-9b16-7236f7019c63: The system cannot find the path specified. (0x3)
[1014/221052.004:ERROR:filesystem_win.cc(129)] GetFileAttributes C:\Users\umers\AppData\Local\Google\Chrome\User Data\Crashpad\attachments\2c137d3b-39fd-4474-a9d5-34a92f251a8d: The system cannot find the path specified. (0x3)
[1014/221052.008:ERROR:filesystem_win.cc(129)] GetFileAttributes C:\Users\umers\AppData\Local\Google\Chrome\User Data\Crashpad\attachments\b02ca6f9-f27b-47c8-addd-dcc7b44e9203: The system cannot find the path specified. (0x3)
[1014/221052.011:ERROR:filesystem_win.cc(129)] GetFileAttributes C:\Users\umers\AppData\Local\Google\Chrome\User Data\Crashpad\attachments\4dd4a317-250c-4268-97d7-052cde5e3b46: The system cannot find the path specified. (0x3)
[1014/221052.014:ERROR:filesystem_win.cc(129)] GetFileAttributes C:\Users\umers\AppData\Local\Google\Chrome\User Data\Crashpad\attachments\02dc2afd-0190-40d5-9912-4dfc1f354dc8: The system cannot find the path specified. (0x3)
[1014/221052.018:ERROR:filesystem_win.cc(129)] GetFileAttributes C:\Users\umers\AppData\Local\Google\Chrome\User Data\Crashpad\attachments\e70d121f-2c1c-45c4-ac5e-9e7effc8cd57: The system cannot find the path specified. (0x3)
[1014/221052.021:ERROR:filesystem_win.cc(129)] GetFileAttributes C:\Users\umers\AppData\Local\Google\Chrome\User Data\Crashpad\attachments\77c36173-504e-44f3-ae9d-c17b2f7f1d78: The system cannot find the path specified. (0x3)
[1014/221052.024:ERROR:filesystem_win.cc(129)] GetFileAttributes C:\Users\umers\AppData\Local\Google\Chrome\User Data\Crashpad\attachments\ecdf4b74-c139-4056-bc08-f8ac43eeac2c: The system cannot find the path specified. (0x3)
[1014/221052.027:ERROR:filesystem_win.cc(129)] GetFileAttributes C:\Users\umers\AppData\Local\Google\Chrome\User Data\Crashpad\attachments\20ea2b0e-d0a8-45da-ab56-7b815a1d1361: The system cannot find the path specified. (0x3)
[1014/221052.030:ERROR:filesystem_win.cc(129)] GetFileAttributes C:\Users\umers\AppData\Local\Google\Chrome\User Data\Crashpad\attachments\b932bbc6-5006-4357-867e-0e16898e19cd: The system cannot find the path specified. (0x3)
[1014/221052.033:ERROR:filesystem_win.cc(129)] GetFileAttributes C:\Users\umers\AppData\Local\Google\Chrome\User Data\Crashpad\attachments\010f64b5-dd94-440e-a0cb-8ebddcfbb71d: The system cannot find the path specified. (0x3)
[1014/221052.036:ERROR:filesystem_win.cc(129)] GetFileAttributes C:\Users\umers\AppData\Local\Google\Chrome\User Data\Crashpad\attachments\39c3c12c-7947-4104-a77a-656dbf57963b: The system cannot find the path specified. (0x3)
[1014/221052.039:ERROR:filesystem_win.cc(129)] GetFileAttributes C:\Users\umers\AppData\Local\Google\Chrome\User Data\Crashpad\attachments\ae42f93d-6b90-4cd0-a350-3c9bd5505eed: The system cannot find the path specified. (0x3)
[1014/221052.042:ERROR:filesystem_win.cc(129)] GetFileAttributes C:\Users\umers\AppData\Local\Google\Chrome\User Data\Crashpad\attachments\8e8bace8-45e6-495b-9a6f-0f5ef480a430: The system cannot find the path specified. (0x3)
[1014/221052.045:ERROR:filesystem_win.cc(129)] GetFileAttributes C:\Users\umers\AppData\Local\Google\Chrome\User Data\Crashpad\attachments\b9671a0f-0d83-4275-9117-aad79ee25fc3: The system cannot find the path specified. (0x3)
[1014/221052.048:ERROR:filesystem_win.cc(129)] GetFileAttributes C:\Users\umers\AppData\Local\Google\Chrome\User Data\Crashpad\attachments\fd602925-384c-42c2-a1ca-97470c9a17df: The system cannot find the path specified. (0x3)
[1014/221052.050:ERROR:filesystem_win.cc(129)] GetFileAttributes C:\Users\umers\AppData\Local\Google\Chrome\User Data\Crashpad\attachments\2a553d96-7ef0-4d02-9e4a-fdd724d2446d: The system cannot find the path specified. (0x3)
[1014/221052.053:ERROR:filesystem_win.cc(129)] GetFileAttributes C:\Users\umers\AppData\Local\Google\Chrome\User Data\Crashpad\attachments\e5e6be1d-1147-42cd-92db-cd6b35d0acf7: The system cannot find the path specified. (0x3)
[1014/221052.056:ERROR:filesystem_win.cc(129)] GetFileAttributes C:\Users\umers\AppData\Local\Google\Chrome\User Data\Crashpad\attachments\b9b1cf22-85c7-489c-9d90-d572e39b51d3: The system cannot find the path specified. (0x3)
[1014/221052.059:ERROR:filesystem_win.cc(129)] GetFileAttributes C:\Users\umers\AppData\Local\Google\Chrome\User Data\Crashpad\attachments\1b6ddacf-349d-4a7d-aa8b-fa0a9b1bee5f: The system cannot find the path specified. (0x3)
[1014/221052.061:ERROR:filesystem_win.cc(129)] GetFileAttributes C:\Users\umers\AppData\Local\Google\Chrome\User Data\Crashpad\attachments\06a0f680-1e93-43aa-a9eb-a64f07f52862: The system cannot find the path specified. (0x3)
[1014/221052.064:ERROR:filesystem_win.cc(129)] GetFileAttributes C:\Users\umers\AppData\Local\Google\Chrome\User Data\Crashpad\attachments\dc51b611-d302-4fd1-9448-81395b8ccd15: The system cannot find the path specified. (0x3)
[1014/221052.067:ERROR:filesystem_win.cc(129)] GetFileAttributes C:\Users\umers\AppData\Local\Google\Chrome\User Data\Crashpad\attachments\918d729f-686e-4ee9-89d8-25f4cf0accb8: The system cannot find the path specified. (0x3)
[1014/221052.069:ERROR:filesystem_win.cc(129)] GetFileAttributes C:\Users\umers\AppData\Local\Google\Chrome\User Data\Crashpad\attachments\6cf96e6b-8add-4c47-b501-d68de00b5e46: The system cannot find the path specified. (0x3)
[1014/221052.072:ERROR:filesystem_win.cc(129)] GetFileAttributes C:\Users\umers\AppData\Local\Google\Chrome\User Data\Crashpad\attachments\48fed846-fbd1-4b25-b3a9-307abd688199: The system cannot find the path specified. (0x3)
[1014/221052.074:ERROR:filesystem_win.cc(129)] GetFileAttributes C:\Users\umers\AppData\Local\Google\Chrome\User Data\Crashpad\attachments\33171b04-173f-49c2-baac-45858d7df251: The system cannot find the path specified. (0x3)
[1014/221052.077:ERROR:filesystem_win.cc(129)] GetFileAttributes C:\Users\umers\AppData\Local\Google\Chrome\User Data\Crashpad\attachments\1082cec3-52da-463c-8c5d-e0a08b2f9930: The system cannot find the path specified. (0x3)
[1014/221052.079:ERROR:filesystem_win.cc(129)] GetFileAttributes C:\Users\umers\AppData\Local\Google\Chrome\User Data\Crashpad\attachments\f0c35faf-8f5d-4de0-9933-89997aeb7a66: The system cannot find the path specified. (0x3)
[1014/221052.082:ERROR:filesystem_win.cc(129)] GetFileAttributes C:\Users\umers\AppData\Local\Google\Chrome\User Data\Crashpad\attachments\74d1eae0-ea65-4615-a911-e59976ea13cf: The system cannot find the path specified. (0x3)
[1014/221052.084:ERROR:filesystem_win.cc(129)] GetFileAttributes C:\Users\umers\AppData\Local\Google\Chrome\User Data\Crashpad\attachments\29b8f4c3-f66d-4ce1-888f-315be8e1603a: The system cannot find the path specified. (0x3)
[1014/221052.087:ERROR:filesystem_win.cc(129)] GetFileAttributes C:\Users\umers\AppData\Local\Google\Chrome\User Data\Crashpad\attachments\f07c0f8e-dc99-4ff7-8b08-cc2316570377: The system cannot find the path specified. (0x3)
[1014/221052.091:ERROR:filesystem_win.cc(129)] GetFileAttributes C:\Users\umers\AppData\Local\Google\Chrome\User Data\Crashpad\attachments\b1a041b7-0ffd-41f5-a5b7-05bb83c8651b: The system cannot find the path specified. (0x3)
[1014/221052.093:ERROR:filesystem_win.cc(129)] GetFileAttributes C:\Users\umers\AppData\Local\Google\Chrome\User Data\Crashpad\attachments\5d38ab62-0211-4bcb-bace-ec89eedebc76: The system cannot find the path specified. (0x3)
[1014/221052.095:ERROR:filesystem_win.cc(129)] GetFileAttributes C:\Users\umers\AppData\Local\Google\Chrome\User Data\Crashpad\attachments\44162974-aded-449c-8772-3252d071aca2: The system cannot find the path specified. (0x3)
[1014/221052.098:ERROR:filesystem_win.cc(129)] GetFileAttributes C:\Users\umers\AppData\Local\Google\Chrome\User Data\Crashpad\attachments\9bb74af6-f8d5-4bc8-8c70-7d7780ae3cfb: The system cannot find the path specified. (0x3)
[1014/221052.101:ERROR:filesystem_win.cc(129)] GetFileAttributes C:\Users\umers\AppData\Local\Google\Chrome\User Data\Crashpad\attachments\1eddabe7-3340-4311-a986-afd7afe769d5: The system cannot find the path specified. (0x3)
[1014/221052.103:ERROR:filesystem_win.cc(129)] GetFileAttributes C:\Users\umers\AppData\Local\Google\Chrome\User Data\Crashpad\attachments\e2fb1766-a1a6-45cd-8369-5da8ce2f071d: The system cannot find the path specified. (0x3)
[1014/221052.105:ERROR:filesystem_win.cc(129)] GetFileAttributes C:\Users\umers\AppData\Local\Google\Chrome\User Data\Crashpad\attachments\6473d3c7-9957-41db-aa5a-37794cf50c5c: The system cannot find the path specified. (0x3)
[1014/221052.108:ERROR:filesystem_win.cc(129)] GetFileAttributes C:\Users\umers\AppData\Local\Google\Chrome\User Data\Crashpad\attachments\ef0a9700-3c0f-4146-b223-78f92400699d: The system cannot find the path specified. (0x3)
[1014/221052.110:ERROR:filesystem_win.cc(129)] GetFileAttributes C:\Users\umers\AppData\Local\Google\Chrome\User Data\Crashpad\attachments\a9d74718-ce36-4113-9b8d-33601c1d44e5: The system cannot find the path specified. (0x3)
[1014/221052.111:ERROR:filesystem_win.cc(129)] GetFileAttributes C:\Users\umers\AppData\Local\Google\Chrome\User Data\Crashpad\attachments\ffa7e89e-6fb5-4e7b-bc9d-7035e948be9d: The system cannot find the path specified. (0x3)
[1014/221052.113:ERROR:filesystem_win.cc(129)] GetFileAttributes C:\Users\umers\AppData\Local\Google\Chrome\User Data\Crashpad\attachments\890d466d-2bcb-46d1-8411-eb9b4016a4c8: The system cannot find the path specified. (0x3)
[1014/221052.115:ERROR:filesystem_win.cc(129)] GetFileAttributes C:\Users\umers\AppData\Local\Google\Chrome\User Data\Crashpad\attachments\5739bbfc-e07e-417b-93fd-185e22159d48: The system cannot find the path specified. (0x3)
[1014/221052.117:ERROR:filesystem_win.cc(129)] GetFileAttributes C:\Users\umers\AppData\Local\Google\Chrome\User Data\Crashpad\attachments\d8fa3388-0fb4-4a0e-81e4-38dfb1132467: The system cannot find the path specified. (0x3)
[1014/221052.119:ERROR:filesystem_win.cc(129)] GetFileAttributes C:\Users\umers\AppData\Local\Google\Chrome\User Data\Crashpad\attachments\3983e315-fa2c-4a76-8c76-817a4d2cc346: The system cannot find the path specified. (0x3)
